This is XeTeX, Version 3.141592653-2.6-0.999997 (MiKTeX 25.12) (preloaded format=xelatex 2026.5.5)  19 JUN 2026 21:05
entering extended mode
 restricted \write18 enabled.
 %&-line parsing enabled.
**./main.tex
(main.tex
LaTeX2e <2025-11-01>
L3 programming layer <2025-12-24>
(D:\Apps\AppData\MikTex\tex/latex/extsizes\extreport.cls
Document Class: extreport 1996/10/08 v1.0 Non Standard LaTeX document class
(D:\Apps\AppData\MikTex\tex/latex/base\size10.clo
File: size10.clo 2025/01/22 v1.4n Standard LaTeX file (size option)
)
(D:\Apps\AppData\MikTex\tex/latex/base\exscale.sty
Package: exscale 2025/06/05 v2.1i Standard LaTeX package exscale
LaTeX Font Info:    Redeclaring symbol font `largesymbols' on input line 57.
LaTeX Font Info:    Overwriting symbol font `largesymbols' in version `normal'
(Font)                  OMX/cmex/m/n --> OMX/cmex/m/n on input line 57.
LaTeX Font Info:    Overwriting symbol font `largesymbols' in version `bold'
(Font)                  OMX/cmex/m/n --> OMX/cmex/m/n on input line 57.
\big@size=\dimen148
)
\c@part=\count271
\c@chapter=\count272
\c@section=\count273
\c@subsection=\count274
\c@subsubsection=\count275
\c@paragraph=\count276
\c@subparagraph=\count277
\c@figure=\count278
\c@table=\count279
\abovecaptionskip=\skip49
\belowcaptionskip=\skip50
\bibindent=\dimen149
) (settings/packages.tex
(D:\Apps\AppData\MikTex\tex/latex/fontspec\fontspec.sty
(D:\Apps\AppData\MikTex\tex/latex/l3packages/xparse\xparse.sty
(D:\Apps\AppData\MikTex\tex/latex/l3kernel\expl3.sty
Package: expl3 2025-12-24 L3 programming layer (loader) 

(D:\Apps\AppData\MikTex\tex/latex/l3backend\l3backend-xetex.def
File: l3backend-xetex.def 2025-10-09 L3 backend support: XeTeX
\g__graphics_track_int=\count280
\g__pdfannot_backend_int=\count281
\g__pdfannot_backend_link_int=\count282
))
Package: xparse 2025-10-09 L3 Experimental document command parser
)
Package: fontspec 2025/09/29 v2.9g Font selection for XeLaTeX and LuaLaTeX

(D:\Apps\AppData\MikTex\tex/latex/fontspec\fontspec-xetex.sty
Package: fontspec-xetex 2025/09/29 v2.9g Font selection for XeLaTeX and LuaLaTe
X
\l__fontspec_script_int=\count283
\l__fontspec_language_int=\count284
\l__fontspec_strnum_int=\count285
\l__fontspec_tmp_int=\count286
\l__fontspec_tmpa_int=\count287
\l__fontspec_tmpb_int=\count288
\l__fontspec_tmpc_int=\count289
\l__fontspec_em_int=\count290
\l__fontspec_emdef_int=\count291
\l__fontspec_strong_int=\count292
\l__fontspec_strongdef_int=\count293
\l__fontspec_tmpa_dim=\dimen150
\l__fontspec_tmpb_dim=\dimen151
\l__fontspec_tmpc_dim=\dimen152

(D:\Apps\AppData\MikTex\tex/latex/base\fontenc.sty
Package: fontenc 2025/07/18 v2.1d Standard LaTeX package
)
(D:\Apps\AppData\MikTex\tex/latex/fontspec\fontspec.cfg)))
(D:\Apps\AppData\MikTex\tex/latex/polyglossia\polyglossia.sty
Package: polyglossia 2026/04/18 v2.10 Modern multilingual typesetting with XeLa
TeX and LuaLaTeX

(D:\Apps\AppData\MikTex\tex/latex/etoolbox\etoolbox.sty
Package: etoolbox 2025/10/02 v2.5m e-TeX tools for LaTeX (JAW)
\etb@tempcnta=\count294
)
(D:\Apps\AppData\MikTex\tex/generic/iftex\iftex.sty
Package: iftex 2024/12/12 v1.0g TeX engine tests
)
\l_xpg_alias_keyvals_int=\count295

(D:\Apps\AppData\MikTex\tex/latex/polyglossia\gloss-latex.ldf
File: gloss-latex.ldf polyglossia: module for default language
))
(D:\Apps\AppData\MikTex\tex/latex/polyglossia\gloss-vietnamese.ldf
File: gloss-vietnamese.ldf polyglossia: module for Vietnamese
)

Package polyglossia Info: Default language is vietnamese


(D:\Apps\AppData\MikTex\tex/latex/polyglossia\gloss-english.ldf
File: gloss-english.ldf polyglossia: module for English
)

Package fontspec Info: 
(fontspec)             Font family 'TimesNewRoman(0)' created for font 'Times
(fontspec)             New Roman' with options [Ligatures=TeX,BoldFont = Times
(fontspec)             New Roman Bold,ItalicFont = Times New Roman
(fontspec)             Italic,BoldItalicFont = Times New Roman Bold Italic].
(fontspec)              
(fontspec)              This font family consists of the following NFSS
(fontspec)             series/shapes:
(fontspec)              
(fontspec)             - 'normal' (m/n) with NFSS spec.: <->"Times New
(fontspec)             Roman/OT:script=latn;language=dflt;mapping=tex-text;"
(fontspec)             - 'small caps'  (m/sc) with NFSS spec.: <->"Times New
(fontspec)             Roman/OT:script=latn;language=dflt;+smcp;mapping=tex-tex
t;"
(fontspec)             - 'bold' (b/n) with NFSS spec.: <->"Times New Roman
(fontspec)             Bold/OT:script=latn;language=dflt;mapping=tex-text;"
(fontspec)             - 'bold small caps'  (b/sc) with NFSS spec.: <->"Times
(fontspec)             New Roman
(fontspec)             Bold/OT:script=latn;language=dflt;+smcp;mapping=tex-text
;"
(fontspec)             - 'italic' (m/it) with NFSS spec.: <->"Times New Roman
(fontspec)             Italic/OT:script=latn;language=dflt;mapping=tex-text;"
(fontspec)             - 'italic small caps'  (m/scit) with NFSS spec.:
(fontspec)             <->"Times New Roman
(fontspec)             Italic/OT:script=latn;language=dflt;+smcp;mapping=tex-te
xt;"
(fontspec)             - 'bold italic' (b/it) with NFSS spec.: <->"Times New
(fontspec)             Roman Bold
(fontspec)             Italic/OT:script=latn;language=dflt;mapping=tex-text;"
(fontspec)             - 'bold italic small caps'  (b/scit) with NFSS spec.:
(fontspec)             <->"Times New Roman Bold
(fontspec)             Italic/OT:script=latn;language=dflt;+smcp;mapping=tex-te
xt;"


Package fontspec Info: 
(fontspec)             Font family 'Arial(0)' created for font 'Arial' with
(fontspec)             options [Ligatures=TeX].
(fontspec)              
(fontspec)              This font family consists of the following NFSS
(fontspec)             series/shapes:
(fontspec)              
(fontspec)             - 'normal' (m/n) with NFSS spec.:
(fontspec)             <->"Arial/OT:script=latn;language=dflt;mapping=tex-text;
"
(fontspec)             - 'small caps'  (m/sc) with NFSS spec.:
(fontspec)             <->"Arial/OT:script=latn;language=dflt;+smcp;mapping=tex
-text;"
(fontspec)             - 'bold' (b/n) with NFSS spec.:
(fontspec)             <->"Arial/B/OT:script=latn;language=dflt;mapping=tex-tex
t;"
(fontspec)             - 'bold small caps'  (b/sc) with NFSS spec.:
(fontspec)             <->"Arial/B/OT:script=latn;language=dflt;+smcp;mapping=t
ex-text;"
(fontspec)             - 'italic' (m/it) with NFSS spec.:
(fontspec)             <->"Arial/I/OT:script=latn;language=dflt;mapping=tex-tex
t;"
(fontspec)             - 'italic small caps'  (m/scit) with NFSS spec.:
(fontspec)             <->"Arial/I/OT:script=latn;language=dflt;+smcp;mapping=t
ex-text;"
(fontspec)             - 'bold italic' (b/it) with NFSS spec.:
(fontspec)             <->"Arial/BI/OT:script=latn;language=dflt;mapping=tex-te
xt;"
(fontspec)             - 'bold italic small caps'  (b/scit) with NFSS spec.:
(fontspec)             <->"Arial/BI/OT:script=latn;language=dflt;+smcp;mapping=
tex-text;"


Package fontspec Info: 
(fontspec)             Font family 'CourierNew(0)' created for font 'Courier
(fontspec)             New' with options
(fontspec)             [WordSpace={1,0,0},HyphenChar=None,PunctuationSpace=Word
Space].
(fontspec)              
(fontspec)              This font family consists of the following NFSS
(fontspec)             series/shapes:
(fontspec)              
(fontspec)             - 'normal' (m/n) with NFSS spec.: <->"Courier
(fontspec)             New/OT:script=latn;language=dflt;"
(fontspec)             - 'bold' (b/n) with NFSS spec.: <->"Courier
(fontspec)             New/B/OT:script=latn;language=dflt;"
(fontspec)             - 'italic' (m/it) with NFSS spec.: <->"Courier
(fontspec)             New/I/OT:script=latn;language=dflt;"
(fontspec)             - 'bold italic' (b/it) with NFSS spec.: <->"Courier
(fontspec)             New/BI/OT:script=latn;language=dflt;"


(D:\Apps\AppData\MikTex\tex/latex/geometry\geometry.sty
Package: geometry 2026/03/07 v6.0 Page Geometry

(D:\Apps\AppData\MikTex\tex/latex/graphics\keyval.sty
Package: keyval 2022/05/29 v1.15 key=value parser (DPC)
\KV@toks@=\toks17
)
(D:\Apps\AppData\MikTex\tex/generic/iftex\ifvtex.sty
Package: ifvtex 2019/10/25 v1.7 ifvtex legacy package. Use iftex instead.
)
\Gm@cnth=\count296
\Gm@cntv=\count297
\c@Gm@tempcnt=\count298
\Gm@bindingoffset=\dimen153
\Gm@wd@mp=\dimen154
\Gm@odd@mp=\dimen155
\Gm@even@mp=\dimen156
\Gm@layoutwidth=\dimen157
\Gm@layoutheight=\dimen158
\Gm@layouthoffset=\dimen159
\Gm@layoutvoffset=\dimen160
\Gm@dimlist=\toks18

(D:\Apps\AppData\MikTex\tex/latex/geometry\geometry.cfg))
(D:\Apps\AppData\MikTex\tex/latex/setspace\setspace.sty
Package: setspace 2022/12/04 v6.7b set line spacing
)
(D:\Apps\AppData\MikTex\tex/latex/tools\indentfirst.sty
Package: indentfirst 2023/07/02 v1.03 Indent first paragraph (DPC)
)
(D:\Apps\AppData\MikTex\tex/latex/titlesec\titlesec.sty
Package: titlesec 2025/01/04 v2.17 Sectioning titles
\ttl@box=\box53
\beforetitleunit=\skip51
\aftertitleunit=\skip52
\ttl@plus=\dimen161
\ttl@minus=\dimen162
\ttl@toksa=\toks19
\titlewidth=\dimen163
\titlewidthlast=\dimen164
\titlewidthfirst=\dimen165
)
(D:\Apps\AppData\MikTex\tex/latex/fancyhdr\fancyhdr.sty
Package: fancyhdr 2025/02/07 v5.2 Extensive control of page headers and footers

\f@nch@headwidth=\skip53
\f@nch@offset@elh=\skip54
\f@nch@offset@erh=\skip55
\f@nch@offset@olh=\skip56
\f@nch@offset@orh=\skip57
\f@nch@offset@elf=\skip58
\f@nch@offset@erf=\skip59
\f@nch@offset@olf=\skip60
\f@nch@offset@orf=\skip61
\f@nch@height=\skip62
\f@nch@footalignment=\skip63
\f@nch@widthL=\skip64
\f@nch@widthC=\skip65
\f@nch@widthR=\skip66
\@temptokenb=\toks20
)
(D:\Apps\AppData\MikTex\tex/latex/tocloft\tocloft.sty
Package: tocloft 2017/08/31 v2.3i parameterised ToC, etc., typesetting
Package tocloft Info: The document has chapter divisions on input line 51.
\cftparskip=\skip67
\cftbeforetoctitleskip=\skip68
\cftaftertoctitleskip=\skip69
\cftbeforepartskip=\skip70
\cftpartnumwidth=\skip71
\cftpartindent=\skip72
\cftbeforechapskip=\skip73
\cftchapindent=\skip74
\cftchapnumwidth=\skip75
\cftbeforesecskip=\skip76
\cftsecindent=\skip77
\cftsecnumwidth=\skip78
\cftbeforesubsecskip=\skip79
\cftsubsecindent=\skip80
\cftsubsecnumwidth=\skip81
\cftbeforesubsubsecskip=\skip82
\cftsubsubsecindent=\skip83
\cftsubsubsecnumwidth=\skip84
\cftbeforeparaskip=\skip85
\cftparaindent=\skip86
\cftparanumwidth=\skip87
\cftbeforesubparaskip=\skip88
\cftsubparaindent=\skip89
\cftsubparanumwidth=\skip90
\cftbeforeloftitleskip=\skip91
\cftafterloftitleskip=\skip92
\cftbeforefigskip=\skip93
\cftfigindent=\skip94
\cftfignumwidth=\skip95
\c@lofdepth=\count299
\c@lotdepth=\count300
\cftbeforelottitleskip=\skip96
\cftafterlottitleskip=\skip97
\cftbeforetabskip=\skip98
\cfttabindent=\skip99
\cfttabnumwidth=\skip100
)
(D:\Apps\AppData\MikTex\tex/latex/booktabs\booktabs.sty
Package: booktabs 2020/01/12 v1.61803398 Publication quality tables
\heavyrulewidth=\dimen166
\lightrulewidth=\dimen167
\cmidrulewidth=\dimen168
\belowrulesep=\dimen169
\belowbottomsep=\dimen170
\aboverulesep=\dimen171
\abovetopsep=\dimen172
\cmidrulesep=\dimen173
\cmidrulekern=\dimen174
\defaultaddspace=\dimen175
\@cmidla=\count301
\@cmidlb=\count302
\@aboverulesep=\dimen176
\@belowrulesep=\dimen177
\@thisruleclass=\count303
\@lastruleclass=\count304
\@thisrulewidth=\dimen178
)
(D:\Apps\AppData\MikTex\tex/latex/tools\longtable.sty
Package: longtable 2025-10-13 v4.24 Multi-page Table package (DPC)
\LTleft=\skip101
\LTright=\skip102
\LTpre=\skip103
\LTpost=\skip104
\LTchunksize=\count305
\LTcapwidth=\dimen179
\LT@head=\box54
\LT@firsthead=\box55
\LT@foot=\box56
\LT@lastfoot=\box57
\LT@gbox=\box58
\LT@cols=\count306
\LT@rows=\count307
\c@LT@tables=\count308
\c@LT@chunks=\count309
\LT@p@ftn=\toks21
)
(D:\Apps\AppData\MikTex\tex/latex/tools\tabularx.sty
Package: tabularx 2023/12/11 v2.12a `tabularx' package (DPC)

(D:\Apps\AppData\MikTex\tex/latex/tools\array.sty
Package: array 2025/09/25 v2.6n Tabular extension package (FMi)
\col@sep=\dimen180
\ar@mcellbox=\box59
\extrarowheight=\dimen181
\NC@list=\toks22
\extratabsurround=\skip105
\backup@length=\skip106
\ar@cellbox=\box60
)
\TX@col@width=\dimen182
\TX@old@table=\dimen183
\TX@old@col=\dimen184
\TX@target=\dimen185
\TX@delta=\dimen186
\TX@cols=\count310
\TX@ftn=\toks23
)
(D:\Apps\AppData\MikTex\tex/latex/multirow\multirow.sty
Package: multirow 2024/11/12 v2.9 Span multiple rows of a table
\multirow@colwidth=\skip107
\multirow@cntb=\count311
\multirow@dima=\skip108
\bigstrutjot=\dimen187
)
(D:\Apps\AppData\MikTex\tex/latex/graphics\graphicx.sty
Package: graphicx 2024/12/31 v1.2e Enhanced LaTeX Graphics (DPC,SPQR)

(D:\Apps\AppData\MikTex\tex/latex/graphics\graphics.sty
Package: graphics 2024/08/06 v1.4g Standard LaTeX Graphics (DPC,SPQR)

(D:\Apps\AppData\MikTex\tex/latex/graphics\trig.sty
Package: trig 2023/12/02 v1.11 sin cos tan (DPC)
)
(D:\Apps\AppData\MikTex\tex/latex/graphics-cfg\graphics.cfg
File: graphics.cfg 2016/06/04 v1.11 sample graphics configuration
)
Package graphics Info: Driver file: xetex.def on input line 106.

(D:\Apps\AppData\MikTex\tex/latex/graphics-def\xetex.def
File: xetex.def 2025/11/01 v5.0p Graphics/color driver for xetex
))
\Gin@req@height=\dimen188
\Gin@req@width=\dimen189
)
(D:\Apps\AppData\MikTex\tex/latex/float\float.sty
Package: float 2001/11/08 v1.3d Float enhancements (AL)
\c@float@type=\count312
\float@exts=\toks24
\float@box=\box61
\@float@everytoks=\toks25
\@floatcapt=\box62
)
(D:\Apps\AppData\MikTex\tex/latex/caption\subcaption.sty
Package: subcaption 2023/07/28 v1.6b Sub-captions (AR)

(D:\Apps\AppData\MikTex\tex/latex/caption\caption.sty
Package: caption 2023/08/05 v3.6o Customizing captions (AR)

(D:\Apps\AppData\MikTex\tex/latex/caption\caption3.sty
Package: caption3 2023/07/31 v2.4d caption3 kernel (AR)
\caption@tempdima=\dimen190
\captionmargin=\dimen191
\caption@leftmargin=\dimen192
\caption@rightmargin=\dimen193
\caption@width=\dimen194
\caption@indent=\dimen195
\caption@parindent=\dimen196
\caption@hangindent=\dimen197
Package caption Info: Standard document class detected.
)
\c@caption@flags=\count313
\c@continuedfloat=\count314
Package caption Info: float package is loaded.
Package caption Info: longtable package is loaded.

(D:\Apps\AppData\MikTex\tex/latex/caption\ltcaption.sty
Package: ltcaption 2021/01/08 v1.4c longtable captions (AR)
))
Package caption Info: New subtype `subfigure' on input line 238.
\c@subfigure=\count315
Package caption Info: New subtype `subtable' on input line 238.
\c@subtable=\count316
)
(D:\Apps\AppData\MikTex\tex/latex/xcolor\xcolor.sty
Package: xcolor 2024/09/29 v3.02 LaTeX color extensions (UK)

(D:\Apps\AppData\MikTex\tex/latex/graphics-cfg\color.cfg
File: color.cfg 2016/01/02 v1.6 sample color configuration
)
Package xcolor Info: Driver file: xetex.def on input line 274.

(D:\Apps\AppData\MikTex\tex/latex/graphics\mathcolor.ltx)
Package xcolor Info: Model `cmy' substituted by `cmy0' on input line 1349.
Package xcolor Info: Model `RGB' extended on input line 1365.
Package xcolor Info: Model `HTML' substituted by `rgb' on input line 1367.
Package xcolor Info: Model `Hsb' substituted by `hsb' on input line 1368.
Package xcolor Info: Model `tHsb' substituted by `hsb' on input line 1369.
Package xcolor Info: Model `HSB' substituted by `hsb' on input line 1370.
Package xcolor Info: Model `Gray' substituted by `gray' on input line 1371.
Package xcolor Info: Model `wave' substituted by `hsb' on input line 1372.
)
(D:\Apps\AppData\MikTex\tex/latex/graphics\dvipsnam.def
File: dvipsnam.def 2016/06/17 v3.0m Driver-dependent file (DPC,SPQR)
)
(D:\Apps\AppData\MikTex\tex/latex/xcolor\svgnam.def
File: svgnam.def 2024/09/29 v3.02 Predefined colors according to SVG 1.1 (UK)
)
(D:\Apps\AppData\MikTex\tex/latex/xcolor\x11nam.def
File: x11nam.def 2024/09/29 v3.02 Predefined colors according to Unix/X11 (UK)
)
(D:\Apps\AppData\MikTex\tex/latex/pgf/frontendlayer\tikz.sty
(D:\Apps\AppData\MikTex\tex/latex/pgf/basiclayer\pgf.sty
(D:\Apps\AppData\MikTex\tex/latex/pgf/utilities\pgfrcs.sty
(D:\Apps\AppData\MikTex\tex/generic/pgf/utilities\pgfutil-common.tex
\pgfutil@everybye=\toks26
\pgfutil@tempdima=\dimen198
\pgfutil@tempdimb=\dimen199
)
(D:\Apps\AppData\MikTex\tex/generic/pgf/utilities\pgfutil-latex.def
\pgfutil@abb=\box63
)
(D:\Apps\AppData\MikTex\tex/generic/pgf/utilities\pgfrcs.code.tex
(D:\Apps\AppData\MikTex\tex/generic/pgf\pgf.revision.tex)
Package: pgfrcs 2025-08-29 v3.1.11a (3.1.11a)
))
Package: pgf 2025-08-29 v3.1.11a (3.1.11a)

(D:\Apps\AppData\MikTex\tex/latex/pgf/basiclayer\pgfcore.sty
(D:\Apps\AppData\MikTex\tex/latex/pgf/systemlayer\pgfsys.sty
(D:\Apps\AppData\MikTex\tex/generic/pgf/systemlayer\pgfsys.code.tex
Package: pgfsys 2025-08-29 v3.1.11a (3.1.11a)

(D:\Apps\AppData\MikTex\tex/generic/pgf/utilities\pgfkeys.code.tex
\pgfkeys@pathtoks=\toks27
\pgfkeys@temptoks=\toks28

(D:\Apps\AppData\MikTex\tex/generic/pgf/utilities\pgfkeyslibraryfiltered.code.t
ex
\pgfkeys@tmptoks=\toks29
))
\pgf@x=\dimen256
\pgf@y=\dimen257
\pgf@xa=\dimen258
\pgf@ya=\dimen259
\pgf@xb=\dimen260
\pgf@yb=\dimen261
\pgf@xc=\dimen262
\pgf@yc=\dimen263
\pgf@xd=\dimen264
\pgf@yd=\dimen265
\w@pgf@writea=\write3
\r@pgf@reada=\read2
\c@pgf@counta=\count317
\c@pgf@countb=\count318
\c@pgf@countc=\count319
\c@pgf@countd=\count320
\t@pgf@toka=\toks30
\t@pgf@tokb=\toks31
\t@pgf@tokc=\toks32
\pgf@sys@id@count=\count321
 (D:\Apps\AppData\MikTex\tex/generic/pgf/systemlayer\pgf.cfg
File: pgf.cfg 2025-08-29 v3.1.11a (3.1.11a)
)
Driver file for pgf: pgfsys-xetex.def

(D:\Apps\AppData\MikTex\tex/generic/pgf/systemlayer\pgfsys-xetex.def
File: pgfsys-xetex.def 2025-08-29 v3.1.11a (3.1.11a)

(D:\Apps\AppData\MikTex\tex/generic/pgf/systemlayer\pgfsys-dvipdfmx.def
File: pgfsys-dvipdfmx.def 2025-08-29 v3.1.11a (3.1.11a)

(D:\Apps\AppData\MikTex\tex/generic/pgf/systemlayer\pgfsys-common-pdf.def
File: pgfsys-common-pdf.def 2025-08-29 v3.1.11a (3.1.11a)
)
\pgfsys@objnum=\count322
)))
(D:\Apps\AppData\MikTex\tex/generic/pgf/systemlayer\pgfsyssoftpath.code.tex
File: pgfsyssoftpath.code.tex 2025-08-29 v3.1.11a (3.1.11a)
\pgfsyssoftpath@smallbuffer@items=\count323
\pgfsyssoftpath@bigbuffer@items=\count324
)
(D:\Apps\AppData\MikTex\tex/generic/pgf/systemlayer\pgfsysprotocol.code.tex
File: pgfsysprotocol.code.tex 2025-08-29 v3.1.11a (3.1.11a)
))
(D:\Apps\AppData\MikTex\tex/generic/pgf/basiclayer\pgfcore.code.tex
Package: pgfcore 2025-08-29 v3.1.11a (3.1.11a)

(D:\Apps\AppData\MikTex\tex/generic/pgf/math\pgfmath.code.tex
(D:\Apps\AppData\MikTex\tex/generic/pgf/math\pgfmathutil.code.tex)
(D:\Apps\AppData\MikTex\tex/generic/pgf/math\pgfmathparser.code.tex
\pgfmath@dimen=\dimen266
\pgfmath@count=\count325
\pgfmath@box=\box64
\pgfmath@toks=\toks33
\pgfmath@stack@operand=\toks34
\pgfmath@stack@operation=\toks35
)
(D:\Apps\AppData\MikTex\tex/generic/pgf/math\pgfmathfunctions.code.tex)
(D:\Apps\AppData\MikTex\tex/generic/pgf/math\pgfmathfunctions.basic.code.tex)
(D:\Apps\AppData\MikTex\tex/generic/pgf/math\pgfmathfunctions.trigonometric.cod
e.tex)
(D:\Apps\AppData\MikTex\tex/generic/pgf/math\pgfmathfunctions.random.code.tex)
(D:\Apps\AppData\MikTex\tex/generic/pgf/math\pgfmathfunctions.comparison.code.t
ex) (D:\Apps\AppData\MikTex\tex/generic/pgf/math\pgfmathfunctions.base.code.tex
) (D:\Apps\AppData\MikTex\tex/generic/pgf/math\pgfmathfunctions.round.code.tex)
(D:\Apps\AppData\MikTex\tex/generic/pgf/math\pgfmathfunctions.misc.code.tex)
(D:\Apps\AppData\MikTex\tex/generic/pgf/math\pgfmathfunctions.integerarithmetic
s.code.tex) (D:\Apps\AppData\MikTex\tex/generic/pgf/math\pgfmathcalc.code.tex)
(D:\Apps\AppData\MikTex\tex/generic/pgf/math\pgfmathfloat.code.tex
\c@pgfmathroundto@lastzeros=\count326
))
(D:\Apps\AppData\MikTex\tex/generic/pgf/math\pgfint.code.tex)
(D:\Apps\AppData\MikTex\tex/generic/pgf/basiclayer\pgfcorepoints.code.tex
File: pgfcorepoints.code.tex 2025-08-29 v3.1.11a (3.1.11a)
\pgf@picminx=\dimen267
\pgf@picmaxx=\dimen268
\pgf@picminy=\dimen269
\pgf@picmaxy=\dimen270
\pgf@pathminx=\dimen271
\pgf@pathmaxx=\dimen272
\pgf@pathminy=\dimen273
\pgf@pathmaxy=\dimen274
\pgf@xx=\dimen275
\pgf@xy=\dimen276
\pgf@yx=\dimen277
\pgf@yy=\dimen278
\pgf@zx=\dimen279
\pgf@zy=\dimen280
)
(D:\Apps\AppData\MikTex\tex/generic/pgf/basiclayer\pgfcorepathconstruct.code.te
x
File: pgfcorepathconstruct.code.tex 2025-08-29 v3.1.11a (3.1.11a)
\pgf@path@lastx=\dimen281
\pgf@path@lasty=\dimen282
) (D:\Apps\AppData\MikTex\tex/generic/pgf/basiclayer\pgfcorepathusage.code.tex
File: pgfcorepathusage.code.tex 2025-08-29 v3.1.11a (3.1.11a)
\pgf@shorten@end@additional=\dimen283
\pgf@shorten@start@additional=\dimen284
) (D:\Apps\AppData\MikTex\tex/generic/pgf/basiclayer\pgfcorescopes.code.tex
File: pgfcorescopes.code.tex 2025-08-29 v3.1.11a (3.1.11a)
\pgfpic=\box65
\pgf@hbox=\box66
\pgf@layerbox@main=\box67
\pgf@picture@serial@count=\count327
)
(D:\Apps\AppData\MikTex\tex/generic/pgf/basiclayer\pgfcoregraphicstate.code.tex
File: pgfcoregraphicstate.code.tex 2025-08-29 v3.1.11a (3.1.11a)
\pgflinewidth=\dimen285
)
(D:\Apps\AppData\MikTex\tex/generic/pgf/basiclayer\pgfcoretransformations.code.
tex
File: pgfcoretransformations.code.tex 2025-08-29 v3.1.11a (3.1.11a)
\pgf@pt@x=\dimen286
\pgf@pt@y=\dimen287
\pgf@pt@temp=\dimen288
) (D:\Apps\AppData\MikTex\tex/generic/pgf/basiclayer\pgfcorequick.code.tex
File: pgfcorequick.code.tex 2025-08-29 v3.1.11a (3.1.11a)
)
(D:\Apps\AppData\MikTex\tex/generic/pgf/basiclayer\pgfcoreobjects.code.tex
File: pgfcoreobjects.code.tex 2025-08-29 v3.1.11a (3.1.11a)
)
(D:\Apps\AppData\MikTex\tex/generic/pgf/basiclayer\pgfcorepathprocessing.code.t
ex
File: pgfcorepathprocessing.code.tex 2025-08-29 v3.1.11a (3.1.11a)
) (D:\Apps\AppData\MikTex\tex/generic/pgf/basiclayer\pgfcorearrows.code.tex
File: pgfcorearrows.code.tex 2025-08-29 v3.1.11a (3.1.11a)
\pgfarrowsep=\dimen289
)
(D:\Apps\AppData\MikTex\tex/generic/pgf/basiclayer\pgfcoreshade.code.tex
File: pgfcoreshade.code.tex 2025-08-29 v3.1.11a (3.1.11a)
\pgf@max=\dimen290
\pgf@sys@shading@range@num=\count328
\pgf@shadingcount=\count329
)
(D:\Apps\AppData\MikTex\tex/generic/pgf/basiclayer\pgfcoreimage.code.tex
File: pgfcoreimage.code.tex 2025-08-29 v3.1.11a (3.1.11a)
)
(D:\Apps\AppData\MikTex\tex/generic/pgf/basiclayer\pgfcoreexternal.code.tex
File: pgfcoreexternal.code.tex 2025-08-29 v3.1.11a (3.1.11a)
\pgfexternal@startupbox=\box68
)
(D:\Apps\AppData\MikTex\tex/generic/pgf/basiclayer\pgfcorelayers.code.tex
File: pgfcorelayers.code.tex 2025-08-29 v3.1.11a (3.1.11a)
)
(D:\Apps\AppData\MikTex\tex/generic/pgf/basiclayer\pgfcoretransparency.code.tex
File: pgfcoretransparency.code.tex 2025-08-29 v3.1.11a (3.1.11a)
) (D:\Apps\AppData\MikTex\tex/generic/pgf/basiclayer\pgfcorepatterns.code.tex
File: pgfcorepatterns.code.tex 2025-08-29 v3.1.11a (3.1.11a)
)
(D:\Apps\AppData\MikTex\tex/generic/pgf/basiclayer\pgfcorerdf.code.tex
File: pgfcorerdf.code.tex 2025-08-29 v3.1.11a (3.1.11a)
)))
(D:\Apps\AppData\MikTex\tex/generic/pgf/modules\pgfmoduleshapes.code.tex
File: pgfmoduleshapes.code.tex 2025-08-29 v3.1.11a (3.1.11a)
\pgfnodeparttextbox=\box69
)
(D:\Apps\AppData\MikTex\tex/generic/pgf/modules\pgfmoduleplot.code.tex
File: pgfmoduleplot.code.tex 2025-08-29 v3.1.11a (3.1.11a)
)
(D:\Apps\AppData\MikTex\tex/latex/pgf/compatibility\pgfcomp-version-0-65.sty
Package: pgfcomp-version-0-65 2025-08-29 v3.1.11a (3.1.11a)
\pgf@nodesepstart=\dimen291
\pgf@nodesepend=\dimen292
)
(D:\Apps\AppData\MikTex\tex/latex/pgf/compatibility\pgfcomp-version-1-18.sty
Package: pgfcomp-version-1-18 2025-08-29 v3.1.11a (3.1.11a)
))
(D:\Apps\AppData\MikTex\tex/latex/pgf/utilities\pgffor.sty
(D:\Apps\AppData\MikTex\tex/latex/pgf/utilities\pgfkeys.sty
(D:\Apps\AppData\MikTex\tex/generic/pgf/utilities\pgfkeys.code.tex))
(D:\Apps\AppData\MikTex\tex/latex/pgf/math\pgfmath.sty
(D:\Apps\AppData\MikTex\tex/generic/pgf/math\pgfmath.code.tex))
(D:\Apps\AppData\MikTex\tex/generic/pgf/utilities\pgffor.code.tex
Package: pgffor 2025-08-29 v3.1.11a (3.1.11a)
\pgffor@iter=\dimen293
\pgffor@skip=\dimen294
\pgffor@stack=\toks36
\pgffor@toks=\toks37
))
(D:\Apps\AppData\MikTex\tex/generic/pgf/frontendlayer/tikz\tikz.code.tex
Package: tikz 2025-08-29 v3.1.11a (3.1.11a)

(D:\Apps\AppData\MikTex\tex/generic/pgf/libraries\pgflibraryplothandlers.code.t
ex
File: pgflibraryplothandlers.code.tex 2025-08-29 v3.1.11a (3.1.11a)
\pgf@plot@mark@count=\count330
\pgfplotmarksize=\dimen295
)
\tikz@lastx=\dimen296
\tikz@lasty=\dimen297
\tikz@lastxsaved=\dimen298
\tikz@lastysaved=\dimen299
\tikz@lastmovetox=\dimen300
\tikz@lastmovetoy=\dimen301
\tikzleveldistance=\dimen302
\tikzsiblingdistance=\dimen303
\tikz@figbox=\box70
\tikz@figbox@bg=\box71
\tikz@tempbox=\box72
\tikz@tempbox@bg=\box73
\tikztreelevel=\count331
\tikznumberofchildren=\count332
\tikznumberofcurrentchild=\count333
\tikz@fig@count=\count334
 (D:\Apps\AppData\MikTex\tex/generic/pgf/modules\pgfmodulematrix.code.tex
File: pgfmodulematrix.code.tex 2025-08-29 v3.1.11a (3.1.11a)
\pgfmatrixcurrentrow=\count335
\pgfmatrixcurrentcolumn=\count336
\pgf@matrix@numberofcolumns=\count337
)
\tikz@expandcount=\count338

(D:\Apps\AppData\MikTex\tex/generic/pgf/frontendlayer/tikz/libraries\tikzlibrar
ytopaths.code.tex
File: tikzlibrarytopaths.code.tex 2025-08-29 v3.1.11a (3.1.11a)
)))
(D:\Apps\AppData\MikTex\tex/generic/pgf/libraries\pgflibraryarrows.meta.code.te
x
File: pgflibraryarrows.meta.code.tex 2025-08-29 v3.1.11a (3.1.11a)
\pgfarrowinset=\dimen304
\pgfarrowlength=\dimen305
\pgfarrowwidth=\dimen306
\pgfarrowlinewidth=\dimen307
)
(D:\Apps\AppData\MikTex\tex/generic/pgf/frontendlayer/tikz/libraries\tikzlibrar
ypositioning.code.tex
File: tikzlibrarypositioning.code.tex 2025-08-29 v3.1.11a (3.1.11a)
)
(D:\Apps\AppData\MikTex\tex/generic/pgf/frontendlayer/tikz/libraries\tikzlibrar
yshapes.geometric.code.tex
File: tikzlibraryshapes.geometric.code.tex 2025-08-29 v3.1.11a (3.1.11a)

(D:\Apps\AppData\MikTex\tex/generic/pgf/libraries/shapes\pgflibraryshapes.geome
tric.code.tex
File: pgflibraryshapes.geometric.code.tex 2025-08-29 v3.1.11a (3.1.11a)
))
(D:\Apps\AppData\MikTex\tex/generic/pgf/frontendlayer/tikz/libraries\tikzlibrar
ycalc.code.tex
File: tikzlibrarycalc.code.tex 2025-08-29 v3.1.11a (3.1.11a)
)
(D:\Apps\AppData\MikTex\tex/generic/pgf/frontendlayer/tikz/libraries\tikzlibrar
yfit.code.tex
File: tikzlibraryfit.code.tex 2025-08-29 v3.1.11a (3.1.11a)
)
(D:\Apps\AppData\MikTex\tex/generic/pgf/frontendlayer/tikz/libraries\tikzlibrar
ybackgrounds.code.tex
File: tikzlibrarybackgrounds.code.tex 2025-08-29 v3.1.11a (3.1.11a)
\pgf@layerbox@background=\box74
\pgf@layerboxsaved@background=\box75
) (D:\Apps\AppData\MikTex\tex/latex/pgfgantt\pgfgantt.sty
Package: pgfgantt 2024/06/19 v5.0a Draw Gantt diagrams with TikZ

(D:\Apps\AppData\MikTex\tex/generic/pgf/frontendlayer/tikz/libraries\tikzlibrar
yarrows.code.tex
File: tikzlibraryarrows.code.tex 2025-08-29 v3.1.11a (3.1.11a)

(D:\Apps\AppData\MikTex\tex/generic/pgf/libraries\pgflibraryarrows.code.tex
File: pgflibraryarrows.code.tex 2025-08-29 v3.1.11a (3.1.11a)
\arrowsize=\dimen308
))
(D:\Apps\AppData\MikTex\tex/generic/pgf/frontendlayer/tikz/libraries\tikzlibrar
ypatterns.code.tex
File: tikzlibrarypatterns.code.tex 2025-08-29 v3.1.11a (3.1.11a)

(D:\Apps\AppData\MikTex\tex/generic/pgf/libraries\pgflibrarypatterns.code.tex
File: pgflibrarypatterns.code.tex 2025-08-29 v3.1.11a (3.1.11a)
)) (D:\Apps\AppData\MikTex\tex/latex/pgf/utilities\pgfcalendar.sty
(D:\Apps\AppData\MikTex\tex/generic/pgf/utilities\pgfcalendar.code.tex
File: pgfcalendar.code.tex 2025-08-29 v3.1.11a (3.1.11a)
\pgfcalendarcurrentjulian=\count339
\pgf@cal@easter@Y=\count340
\pgf@cal@easter@G=\count341
\pgf@cal@easter@C=\count342
\pgf@cal@easter@X=\count343
\pgf@cal@easter@Z=\count344
\pgf@cal@easter@D=\count345
\pgf@cal@easter@E=\count346
\pgf@cal@easter@N=\count347
\pgf@cal@easter@M=\count348
\pgf@cal@easter@julianday=\count349
))
\gtt@currentline=\count350
\gtt@lasttitleline=\count351
\gtt@currgrid=\count352
\gtt@chartwidth=\count353
\gtt@lasttitleslot=\count354
\gtt@elementid=\count355
\gtt@today@slot=\count356
\gtt@startjulian=\count357
\gtt@endjulian=\count358
\gtt@chartid=\count359
\gtt@vrule@slot=\count360
\gtt@calendar@slots=\count361
\gtt@calendar@weeknumber=\count362
\gtt@calendar@startofweek=\count363
\gtt@left@slot=\count364
\gtt@right@slot=\count365
)
(D:\Apps\AppData\MikTex\tex/latex/amsmath\amsmath.sty
Package: amsmath 2025/07/09 v2.17z AMS math features
\@mathmargin=\skip109

For additional information on amsmath, use the `?' option.
(D:\Apps\AppData\MikTex\tex/latex/amsmath\amstext.sty
Package: amstext 2024/11/17 v2.01 AMS text

(D:\Apps\AppData\MikTex\tex/latex/amsmath\amsgen.sty
File: amsgen.sty 1999/11/30 v2.0 generic functions
\@emptytoks=\toks38
\ex@=\dimen309
))
(D:\Apps\AppData\MikTex\tex/latex/amsmath\amsbsy.sty
Package: amsbsy 1999/11/29 v1.2d Bold Symbols
\pmbraise@=\dimen310
)
(D:\Apps\AppData\MikTex\tex/latex/amsmath\amsopn.sty
Package: amsopn 2022/04/08 v2.04 operator names
)
\inf@bad=\count366
LaTeX Info: Redefining \frac on input line 233.
\uproot@=\count367
\leftroot@=\count368
LaTeX Info: Redefining \overline on input line 398.
LaTeX Info: Redefining \colon on input line 409.
\classnum@=\count369
\DOTSCASE@=\count370
LaTeX Info: Redefining \ldots on input line 495.
LaTeX Info: Redefining \dots on input line 498.
LaTeX Info: Redefining \cdots on input line 619.
\Mathstrutbox@=\box76
\strutbox@=\box77
LaTeX Info: Redefining \big on input line 721.
LaTeX Info: Redefining \Big on input line 722.
LaTeX Info: Redefining \bigg on input line 723.
LaTeX Info: Redefining \Bigg on input line 724.
\big@size=\dimen311
LaTeX Font Info:    Redeclaring font encoding OML on input line 742.
LaTeX Font Info:    Redeclaring font encoding OMS on input line 743.
\macc@depth=\count371
LaTeX Info: Redefining \bmod on input line 904.
LaTeX Info: Redefining \pmod on input line 909.
LaTeX Info: Redefining \smash on input line 939.
LaTeX Info: Redefining \relbar on input line 969.
LaTeX Info: Redefining \Relbar on input line 970.
\c@MaxMatrixCols=\count372
\dotsspace@=\muskip17
\c@parentequation=\count373
\dspbrk@lvl=\count374
\tag@help=\toks39
\row@=\count375
\column@=\count376
\maxfields@=\count377
\andhelp@=\toks40
\eqnshift@=\dimen312
\alignsep@=\dimen313
\tagshift@=\dimen314
\tagwidth@=\dimen315
\totwidth@=\dimen316
\lineht@=\dimen317
\@envbody=\toks41
\multlinegap=\skip110
\multlinetaggap=\skip111
\mathdisplay@stack=\toks42
LaTeX Info: Redefining \[ on input line 2950.
LaTeX Info: Redefining \] on input line 2951.
)
(D:\Apps\AppData\MikTex\tex/latex/amsfonts\amssymb.sty
Package: amssymb 2013/01/14 v3.01 AMS font symbols

(D:\Apps\AppData\MikTex\tex/latex/amsfonts\amsfonts.sty
Package: amsfonts 2013/01/14 v3.01 Basic AMSFonts support
\symAMSa=\mathgroup4
\symAMSb=\mathgroup5
LaTeX Font Info:    Redeclaring math symbol \hbar on input line 98.
LaTeX Font Info:    Overwriting math alphabet `\mathfrak' in version `bold'
(Font)                  U/euf/m/n --> U/euf/b/n on input line 106.
))
(D:\Apps\AppData\MikTex\tex/latex/listings\listings.sty
\lst@mode=\count378
\lst@gtempboxa=\box78
\lst@token=\toks43
\lst@length=\count379
\lst@currlwidth=\dimen318
\lst@column=\count380
\lst@pos=\count381
\lst@lostspace=\dimen319
\lst@width=\dimen320
\lst@newlines=\count382
\lst@lineno=\count383
\lst@maxwidth=\dimen321

(D:\Apps\AppData\MikTex\tex/latex/listings\lstpatch.sty
File: lstpatch.sty 2025/11/14 1.11b (Carsten Heinz)
)
(D:\Apps\AppData\MikTex\tex/latex/listings\lstmisc.sty
File: lstmisc.sty 2025/11/14 1.11b (Carsten Heinz)
\c@lstnumber=\count384
\lst@skipnumbers=\count385
\lst@framebox=\box79
)
(D:\Apps\AppData\MikTex\tex/latex/listings\listings.cfg
File: listings.cfg 2025/11/14 1.11b listings configuration
))
Package: listings 2025/11/14 1.11b (Carsten Heinz)

==> First Aid for listings.sty no longer applied!
    Expected:
        2024/09/23 1.10c (Carsten Heinz)
    but found:
        2025/11/14 1.11b (Carsten Heinz)
    so I'm assuming it got fixed.
(D:\Apps\AppData\MikTex\tex/latex/biblatex\biblatex.sty
Package: biblatex 2025/07/10 v3.21 programmable bibliographies (PK/MW)

(D:\Apps\AppData\MikTex\tex/generic/pdftexcmds\pdftexcmds.sty
Package: pdftexcmds 2020-06-27 v0.33 Utility functions of pdfTeX for LuaTeX (HO
)

(D:\Apps\AppData\MikTex\tex/generic/infwarerr\infwarerr.sty
Package: infwarerr 2019/12/03 v1.5 Providing info/warning/error messages (HO)
)
(D:\Apps\AppData\MikTex\tex/generic/ltxcmds\ltxcmds.sty
Package: ltxcmds 2023-12-04 v1.26 LaTeX kernel commands for general use (HO)
)
Package pdftexcmds Info: \pdf@primitive is available.
Package pdftexcmds Info: \pdf@ifprimitive is available.
Package pdftexcmds Info: \pdfdraftmode not found.
)
(D:\Apps\AppData\MikTex\tex/latex/kvoptions\kvoptions.sty
Package: kvoptions 2022-06-15 v3.15 Key value format for package options (HO)

(D:\Apps\AppData\MikTex\tex/latex/kvsetkeys\kvsetkeys.sty
Package: kvsetkeys 2022-10-05 v1.19 Key value parser (HO)
))
(D:\Apps\AppData\MikTex\tex/latex/logreq\logreq.sty
Package: logreq 2010/08/04 v1.0 xml request logger
\lrq@indent=\count386

(D:\Apps\AppData\MikTex\tex/latex/logreq\logreq.def
File: logreq.def 2010/08/04 v1.0 logreq spec v1.0
))
(D:\Apps\AppData\MikTex\tex/latex/base\ifthen.sty
Package: ifthen 2024/03/16 v1.1e Standard LaTeX ifthen package (DPC)
)
(D:\Apps\AppData\MikTex\tex/latex/url\url.sty
\Urlmuskip=\muskip18
Package: url 2013/09/16  ver 3.4  Verb mode for urls, etc.
)
\c@tabx@nest=\count387
\c@listtotal=\count388
\c@listcount=\count389
\c@liststart=\count390
\c@liststop=\count391
\c@citecount=\count392
\c@citetotal=\count393
\c@multicitecount=\count394
\c@multicitetotal=\count395
\c@instcount=\count396
\c@maxnames=\count397
\c@minnames=\count398
\c@maxitems=\count399
\c@minitems=\count400
\c@citecounter=\count401
\c@maxcitecounter=\count402
\c@savedcitecounter=\count403
\c@uniquelist=\count404
\c@uniquename=\count405
\c@refsection=\count406
\c@refsegment=\count407
\c@maxextratitle=\count408
\c@maxextratitleyear=\count409
\c@maxextraname=\count410
\c@maxextradate=\count411
\c@maxextraalpha=\count412
\c@abbrvpenalty=\count413
\c@highnamepenalty=\count414
\c@lownamepenalty=\count415
\c@maxparens=\count416
\c@parenlevel=\count417
\blx@tempcnta=\count418
\blx@tempcntb=\count419
\blx@tempcntc=\count420
\c@blx@maxsection=\count421
\blx@maxsegment@0=\count422
\blx@notetype=\count423
\blx@parenlevel@text=\count424
\blx@parenlevel@foot=\count425
\blx@sectionciteorder@0=\count426
\blx@sectionciteorderinternal@0=\count427
\blx@entrysetcounter=\count428
\blx@biblioinstance=\count429
\labelnumberwidth=\skip112
\labelalphawidth=\skip113
\biblabelsep=\skip114
\bibitemsep=\skip115
\bibnamesep=\skip116
\bibinitsep=\skip117
\bibparsep=\skip118
\bibhang=\skip119
\blx@bcfin=\read3
\blx@bcfout=\write4
\blx@langwohyphens=\language79
\c@mincomprange=\count430
\c@maxcomprange=\count431
\c@mincompwidth=\count432
Package biblatex Info: Trying to load biblatex default data model...
Package biblatex Info: ... file 'blx-dm.def' found.

(D:\Apps\AppData\MikTex\tex/latex/biblatex\blx-dm.def
File: blx-dm.def 2025/07/10 v3.21 biblatex datamodel (PK/MW)
)
Package biblatex Info: Trying to load biblatex style data model...
Package biblatex Info: ... file 'ieee.dbx' not found.
Package biblatex Info: Trying to load biblatex custom data model...
Package biblatex Info: ... file 'biblatex-dm.cfg' not found.
\c@afterword=\count433
\c@savedafterword=\count434
\c@annotator=\count435
\c@savedannotator=\count436
\c@author=\count437
\c@savedauthor=\count438
\c@bookauthor=\count439
\c@savedbookauthor=\count440
\c@commentator=\count441
\c@savedcommentator=\count442
\c@editor=\count443
\c@savededitor=\count444
\c@editora=\count445
\c@savededitora=\count446
\c@editorb=\count447
\c@savededitorb=\count448
\c@editorc=\count449
\c@savededitorc=\count450
\c@foreword=\count451
\c@savedforeword=\count452
\c@holder=\count453
\c@savedholder=\count454
\c@introduction=\count455
\c@savedintroduction=\count456
\c@namea=\count457
\c@savednamea=\count458
\c@nameb=\count459
\c@savednameb=\count460
\c@namec=\count461
\c@savednamec=\count462
\c@translator=\count463
\c@savedtranslator=\count464
\c@shortauthor=\count465
\c@savedshortauthor=\count466
\c@shorteditor=\count467
\c@savedshorteditor=\count468
\c@labelname=\count469
\c@savedlabelname=\count470
\c@institution=\count471
\c@savedinstitution=\count472
\c@lista=\count473
\c@savedlista=\count474
\c@listb=\count475
\c@savedlistb=\count476
\c@listc=\count477
\c@savedlistc=\count478
\c@listd=\count479
\c@savedlistd=\count480
\c@liste=\count481
\c@savedliste=\count482
\c@listf=\count483
\c@savedlistf=\count484
\c@location=\count485
\c@savedlocation=\count486
\c@organization=\count487
\c@savedorganization=\count488
\c@origlocation=\count489
\c@savedoriglocation=\count490
\c@origpublisher=\count491
\c@savedorigpublisher=\count492
\c@publisher=\count493
\c@savedpublisher=\count494
\c@language=\count495
\c@savedlanguage=\count496
\c@origlanguage=\count497
\c@savedoriglanguage=\count498
\c@pageref=\count499
\c@savedpageref=\count500
\shorthandwidth=\skip120
\shortjournalwidth=\skip121
\shortserieswidth=\skip122
\shorttitlewidth=\skip123
\shortauthorwidth=\skip124
\shorteditorwidth=\skip125
\locallabelnumberwidth=\skip126
\locallabelalphawidth=\skip127
\localshorthandwidth=\skip128
\localshortjournalwidth=\skip129
\localshortserieswidth=\skip130
\localshorttitlewidth=\skip131
\localshortauthorwidth=\skip132
\localshorteditorwidth=\skip133
Package biblatex Info: Trying to load enhanced support for Unicode engines...
Package biblatex Info: ... file 'blx-unicode.def' found.

(D:\Apps\AppData\MikTex\tex/latex/biblatex\blx-unicode.def)
Package biblatex Info: Trying to load compatibility code...
Package biblatex Info: ... file 'blx-compat.def' found.

(D:\Apps\AppData\MikTex\tex/latex/biblatex\blx-compat.def
File: blx-compat.def 2025/07/10 v3.21 biblatex compatibility (PK/MW)
)
Package biblatex Info: Trying to load generic definitions...
Package biblatex Info: ... file 'biblatex.def' found.

(D:\Apps\AppData\MikTex\tex/latex/biblatex\biblatex.def
File: biblatex.def 2025/07/10 v3.21 biblatex compatibility (PK/MW)
\c@textcitecount=\count501
\c@textcitetotal=\count502
\c@textcitemaxnames=\count503
\c@biburlbigbreakpenalty=\count504
\c@biburlbreakpenalty=\count505
\c@biburlnumpenalty=\count506
\c@biburlucpenalty=\count507
\c@biburllcpenalty=\count508
\biburlbigskip=\muskip19
\biburlnumskip=\muskip20
\biburlucskip=\muskip21
\biburllcskip=\muskip22
\c@smartand=\count509
)
Package biblatex Info: Trying to load bibliography style 'ieee'...
Package biblatex Info: ... file 'ieee.bbx' found.

(D:\Apps\AppData\MikTex\tex/latex/biblatex-ieee\ieee.bbx
File: ieee.bbx 2025-08-01 v1.4f biblatex bibliography style
Package biblatex Info: Trying to load bibliography style 'numeric-comp'...
Package biblatex Info: ... file 'numeric-comp.bbx' found.

(D:\Apps\AppData\MikTex\tex/latex/biblatex/bbx\numeric-comp.bbx
File: numeric-comp.bbx 2025/07/10 v3.21 biblatex bibliography style (PK/MW)
Package biblatex Info: Trying to load bibliography style 'numeric'...
Package biblatex Info: ... file 'numeric.bbx' found.

(D:\Apps\AppData\MikTex\tex/latex/biblatex/bbx\numeric.bbx
File: numeric.bbx 2025/07/10 v3.21 biblatex bibliography style (PK/MW)
Package biblatex Info: Trying to load bibliography style 'standard'...
Package biblatex Info: ... file 'standard.bbx' found.

(D:\Apps\AppData\MikTex\tex/latex/biblatex/bbx\standard.bbx
File: standard.bbx 2025/07/10 v3.21 biblatex bibliography style (PK/MW)
\c@bbx:relatedcount=\count510
\c@bbx:relatedtotal=\count511
))))
Package biblatex Info: Trying to load citation style 'ieee'...
Package biblatex Info: ... file 'ieee.cbx' found.

(D:\Apps\AppData\MikTex\tex/latex/biblatex-ieee\ieee.cbx
File: ieee.cbx 2025-08-01 v1.4f biblatex citation style
Package biblatex Info: Trying to load citation style 'numeric-verb'...
Package biblatex Info: ... file 'numeric-verb.cbx' found.

(D:\Apps\AppData\MikTex\tex/latex/biblatex/cbx\numeric-verb.cbx
File: numeric-verb.cbx 2025/07/10 v3.21 biblatex citation style (PK/MW)
Package biblatex Info: Redefining '\cite'.
Package biblatex Info: Redefining '\parencite'.
Package biblatex Info: Redefining '\footcite'.
Package biblatex Info: Redefining '\footcitetext'.
Package biblatex Info: Redefining '\smartcite'.
Package biblatex Info: Redefining '\textcite'.
Package biblatex Info: Redefining '\supercite'.
Package biblatex Info: Redefining '\parencites'.
Package biblatex Info: Redefining '\smartcites'.
Package biblatex Info: Redefining '\textcites'.
))
Package biblatex Info: Trying to load configuration file...
Package biblatex Info: ... file 'biblatex.cfg' found.

(D:\Apps\AppData\MikTex\tex/latex/biblatex\biblatex.cfg
File: biblatex.cfg 
)
Package biblatex Info: XeTeX detected.
(biblatex)             Assuming input encoding 'utf8'.
Package biblatex Info: Document encoding is UTF8 ....
Package biblatex Info: ... and expl3
(biblatex)             2025-12-24 L3 programming layer (loader) 
(biblatex)             is new enough (at least 2020/04/06),
(biblatex)             setting 'casechanger=expl3'.

(D:\Apps\AppData\MikTex\tex/latex/biblatex\blx-case-expl3.sty
Package: blx-case-expl3 2025/07/10 v3.21 expl3 case changing code for biblatex
))
(D:\Apps\AppData\MikTex\tex/latex/hyperref\hyperref.sty
Package: hyperref 2025-07-12 v7.01o Hypertext links for LaTeX

(D:\Apps\AppData\MikTex\tex/generic/kvdefinekeys\kvdefinekeys.sty
Package: kvdefinekeys 2019-12-19 v1.6 Define keys (HO)
)
(D:\Apps\AppData\MikTex\tex/generic/pdfescape\pdfescape.sty
Package: pdfescape 2019/12/09 v1.15 Implements pdfTeX's escape features (HO)
)
(D:\Apps\AppData\MikTex\tex/latex/hycolor\hycolor.sty
Package: hycolor 2020-01-27 v1.10 Color options for hyperref/bookmark (HO)
)
(D:\Apps\AppData\MikTex\tex/latex/hyperref\nameref.sty
Package: nameref 2025-06-21 v2.57 Cross-referencing by name of section

(D:\Apps\AppData\MikTex\tex/latex/refcount\refcount.sty
Package: refcount 2019/12/15 v3.6 Data extraction from label references (HO)
)
(D:\Apps\AppData\MikTex\tex/generic/gettitlestring\gettitlestring.sty
Package: gettitlestring 2019/12/15 v1.6 Cleanup title references (HO)
)
\c@section@level=\count512
)
(D:\Apps\AppData\MikTex\tex/generic/stringenc\stringenc.sty
Package: stringenc 2019/11/29 v1.12 Convert strings between diff. encodings (HO
)
)
\@linkdim=\dimen322
\Hy@linkcounter=\count513
\Hy@pagecounter=\count514

(D:\Apps\AppData\MikTex\tex/latex/hyperref\pd1enc.def
File: pd1enc.def 2025-07-12 v7.01o Hyperref: PDFDocEncoding definition (HO)
)
(D:\Apps\AppData\MikTex\tex/generic/intcalc\intcalc.sty
Package: intcalc 2019/12/15 v1.3 Expandable calculations with integers (HO)
)
\Hy@SavedSpaceFactor=\count515

(D:\Apps\AppData\MikTex\tex/latex/hyperref\puenc.def
File: puenc.def 2025-07-12 v7.01o Hyperref: PDF Unicode definition (HO)
)
Package hyperref Info: Option `colorlinks' set `true' on input line 4066.
Package hyperref Info: Option `bookmarks' set `true' on input line 4066.
Package hyperref Info: Option `bookmarksnumbered' set `true' on input line 4066
.
Package hyperref Info: Option `unicode' set `true' on input line 4066.
Package hyperref Info: Hyper figures OFF on input line 4195.
Package hyperref Info: Link nesting OFF on input line 4200.
Package hyperref Info: Hyper index ON on input line 4203.
Package hyperref Info: Plain pages OFF on input line 4210.
Package hyperref Info: Backreferencing OFF on input line 4215.
Package hyperref Info: Implicit mode ON; LaTeX internals redefined.
Package hyperref Info: Bookmarks ON on input line 4462.
\c@Hy@tempcnt=\count516
LaTeX Info: Redefining \url on input line 4801.
\XeTeXLinkMargin=\dimen323

(D:\Apps\AppData\MikTex\tex/generic/bitset\bitset.sty
Package: bitset 2019/12/09 v1.3 Handle bit-vector datatype (HO)

(D:\Apps\AppData\MikTex\tex/generic/bigintcalc\bigintcalc.sty
Package: bigintcalc 2019/12/15 v1.5 Expandable calculations on big integers (HO
)
))
\Fld@menulength=\count517
\Field@Width=\dimen324
\Fld@charsize=\dimen325
Package hyperref Info: Hyper figures OFF on input line 6078.
Package hyperref Info: Link nesting OFF on input line 6083.
Package hyperref Info: Hyper index ON on input line 6086.
Package hyperref Info: backreferencing OFF on input line 6093.
Package hyperref Info: Link coloring ON on input line 6096.
Package hyperref Info: Link coloring with OCG OFF on input line 6103.
Package hyperref Info: PDF/A mode OFF on input line 6108.
\Hy@abspage=\count518
\c@Item=\count519
\c@Hfootnote=\count520
)
Package hyperref Info: Driver (autodetected): hxetex.

(D:\Apps\AppData\MikTex\tex/latex/hyperref\hxetex.def
File: hxetex.def 2025-07-12 v7.01o Hyperref driver for XeTeX
\pdfm@box=\box80
\c@Hy@AnnotLevel=\count521
\HyField@AnnotCount=\count522
\Fld@listcount=\count523
\c@bookmark@seq@number=\count524

(D:\Apps\AppData\MikTex\tex/latex/rerunfilecheck\rerunfilecheck.sty
Package: rerunfilecheck 2025-06-21 v1.11 Rerun checks for auxiliary files (HO)

(D:\Apps\AppData\MikTex\tex/generic/uniquecounter\uniquecounter.sty
Package: uniquecounter 2019/12/15 v1.4 Provide unlimited unique counter (HO)
)
Package uniquecounter Info: New unique counter `rerunfilecheck' on input line 2
84.
)
\Hy@SectionHShift=\skip134
)
(D:\Apps\AppData\MikTex\tex/latex/bookmark\bookmark.sty
Package: bookmark 2026-05-21 v1.32 PDF bookmarks (HO)

(D:\Apps\AppData\MikTex\tex/latex/bookmark\bkm-xetex.def
File: bkm-xetex.def 2026-05-21 v1.32 bookmark driver for xetex (HO)
\BKM@id=\count525
))
(D:\Apps\AppData\MikTex\tex/latex/enumitem\enumitem.sty
Package: enumitem 2025/02/06 v3.11 Customized lists
\labelindent=\skip135
\enit@outerparindent=\dimen326
\enit@toks=\toks44
\enit@inbox=\box81
\enit@count@id=\count526
\enitdp@description=\count527
)
(D:\Apps\AppData\MikTex\tex/latex/pdfpages\pdfpages.sty
Package: pdfpages 2026/03/30 v0.6h Insert pages of external PDF documents (AM)

(D:\Apps\AppData\MikTex\tex/latex/tools\calc.sty
Package: calc 2025/03/01 v4.3b Infix arithmetic (KKT,FJ)
\calc@Acount=\count528
\calc@Bcount=\count529
\calc@Adimen=\dimen327
\calc@Bdimen=\dimen328
\calc@Askip=\skip136
\calc@Bskip=\skip137
LaTeX Info: Redefining \setlength on input line 86.
LaTeX Info: Redefining \addtolength on input line 87.
\calc@Ccount=\count530
\calc@Cskip=\skip138
)
(D:\Apps\AppData\MikTex\tex/latex/eso-pic\eso-pic.sty
Package: eso-pic 2026/05/31 v3.0e eso-pic (RN)
\ESO@tempdima=\dimen329
\ESO@tempdimb=\dimen330
)
\AM@pagewidth=\dimen331
\AM@pageheight=\dimen332
\AM@fboxrule=\dimen333

(D:\Apps\AppData\MikTex\tex/latex/pdfpages\ppxetex.def
File: ppxetex.def 2026/03/30 v0.6h Pdfpages driver for XeTeX (AM)
)
\pdfpages@includegraphics@status=\count531
\AM@pagebox=\box82
\AM@global@opts=\toks45
\AM@pagecnt=\count532
\AM@toc@title=\toks46
\AM@lof@heading=\toks47
\c@AM@survey=\count533
\AM@templatesizebox=\box83
))
(D:\Apps\AppData\MikTex\tex/latex/appendix\appendix.sty
Package: appendix 2020/02/08 v1.2c extra appendix facilities
\c@@pps=\count534
\c@@ppsavesec=\count535
\c@@ppsaveapp=\count536
)
(settings/formatting.tex) (settings/commands.tex
(D:\Apps\AppData\MikTex\tex/latex/tcolorbox\tcolorbox.sty
Package: tcolorbox 2025/11/28 version 6.9.0 text color boxes

(D:\Apps\AppData\MikTex\tex/latex/tools\verbatim.sty
Package: verbatim 2024-01-22 v1.5x LaTeX2e package for verbatim enhancements
\every@verbatim=\toks48
\verbatim@line=\toks49
\verbatim@in@stream=\read4
)
(D:\Apps\AppData\MikTex\tex/latex/environ\environ.sty
Package: environ 2014/05/04 v0.3 A new way to define environments

(D:\Apps\AppData\MikTex\tex/latex/trimspaces\trimspaces.sty
Package: trimspaces 2009/09/17 v1.1 Trim spaces around a token list
))
\tcb@titlebox=\box84
\tcb@upperbox=\box85
\tcb@lowerbox=\box86
\tcb@phantombox=\box87
\c@tcbbreakpart=\count537
\c@tcblayer=\count538
\c@tcolorbox@number=\count539
\l__tcobox_tmpa_box=\box88
\l__tcobox_tmpa_dim=\dimen334
\tcb@temp=\box89
\tcb@temp=\box90
\tcb@temp=\box91
\tcb@temp=\box92
)
(D:\Apps\AppData\MikTex\tex/latex/tcolorbox\tcbskins.code.tex
Library (tcolorbox): 'tcbskins.code.tex' version '6.9.0'
(D:\Apps\AppData\MikTex\tex/latex/tikzfill\tikzfill.image.sty
Package: tikzfill.image 2026/04/23 v1.2.0 Image filling library for TikZ

(D:\Apps\AppData\MikTex\tex/latex/tikzfill\tikzlibraryfill.image.code.tex
File: tikzlibraryfill.image.code.tex 2026/04/23 v1.2.0 Image filling library
\l__tikzfill_tmpa_dim=\dimen335
\l__tikzfill_tmpb_dim=\dimen336
\l__tikzfill_img_box=\box93
))
(D:\Apps\AppData\MikTex\tex/latex/tcolorbox\tcbskinsjigsaw.code.tex
Library (tcolorbox): 'tcbskinsjigsaw.code.tex' version '6.9.0'
)) (D:\Apps\AppData\MikTex\tex/latex/tcolorbox\tcbbreakable.code.tex
Library (tcolorbox): 'tcbbreakable.code.tex' version '6.9.0'
(D:\Apps\AppData\MikTex\tex/latex/pdfcol\pdfcol.sty
Package: pdfcol 2022-09-21 v1.7 Handle new color stacks for pdfTeX (HO)
Package pdfcol Info: Interface disabled because of missing PDF mode of pdfTeX.
)
Package pdfcol Info: pdfTeX's color stacks are not available.
\tcb@testbox=\box94
\tcb@totalupperbox=\box95
\tcb@totallowerbox=\box96
))
\@quotelevel=\count540
\@quotereset=\count541


LaTeX Warning: Unused global option(s):
    [13pt].

(main.aux)
\openout1 = `main.aux'.

LaTeX Font Info:    Checking defaults for OML/cmm/m/it on input line 15.
LaTeX Font Info:    ... okay on input line 15.
LaTeX Font Info:    Checking defaults for OMS/cmsy/m/n on input line 15.
LaTeX Font Info:    ... okay on input line 15.
LaTeX Font Info:    Checking defaults for OT1/cmr/m/n on input line 15.
LaTeX Font Info:    ... okay on input line 15.
LaTeX Font Info:    Checking defaults for T1/cmr/m/n on input line 15.
LaTeX Font Info:    ... okay on input line 15.
LaTeX Font Info:    Checking defaults for TS1/cmr/m/n on input line 15.
LaTeX Font Info:    ... okay on input line 15.
LaTeX Font Info:    Checking defaults for TU/lmr/m/n on input line 15.
LaTeX Font Info:    ... okay on input line 15.
LaTeX Font Info:    Checking defaults for OMX/cmex/m/n on input line 15.
LaTeX Font Info:    ... okay on input line 15.
LaTeX Font Info:    Checking defaults for U/cmr/m/n on input line 15.
LaTeX Font Info:    ... okay on input line 15.
LaTeX Font Info:    Checking defaults for PD1/pdf/m/n on input line 15.
LaTeX Font Info:    ... okay on input line 15.
LaTeX Font Info:    Checking defaults for PU/pdf/m/n on input line 15.
LaTeX Font Info:    ... okay on input line 15.

Package fontspec Info: 
(fontspec)             Adjusting the maths setup (use [no-math] to avoid
(fontspec)             this).

\symlegacymaths=\mathgroup6
LaTeX Font Info:    Overwriting symbol font `legacymaths' in version `bold'
(Font)                  OT1/cmr/m/n --> OT1/cmr/bx/n on input line 15.
LaTeX Font Info:    Redeclaring math accent \acute on input line 15.
LaTeX Font Info:    Redeclaring math accent \grave on input line 15.
LaTeX Font Info:    Redeclaring math accent \ddot on input line 15.
LaTeX Font Info:    Redeclaring math accent \tilde on input line 15.
LaTeX Font Info:    Redeclaring math accent \bar on input line 15.
LaTeX Font Info:    Redeclaring math accent \breve on input line 15.
LaTeX Font Info:    Redeclaring math accent \check on input line 15.
LaTeX Font Info:    Redeclaring math accent \hat on input line 15.
LaTeX Font Info:    Redeclaring math accent \dot on input line 15.
LaTeX Font Info:    Redeclaring math accent \mathring on input line 15.
LaTeX Font Info:    Redeclaring math symbol \Gamma on input line 15.
LaTeX Font Info:    Redeclaring math symbol \Delta on input line 15.
LaTeX Font Info:    Redeclaring math symbol \Theta on input line 15.
LaTeX Font Info:    Redeclaring math symbol \Lambda on input line 15.
LaTeX Font Info:    Redeclaring math symbol \Xi on input line 15.
LaTeX Font Info:    Redeclaring math symbol \Pi on input line 15.
LaTeX Font Info:    Redeclaring math symbol \Sigma on input line 15.
LaTeX Font Info:    Redeclaring math symbol \Upsilon on input line 15.
LaTeX Font Info:    Redeclaring math symbol \Phi on input line 15.
LaTeX Font Info:    Redeclaring math symbol \Psi on input line 15.
LaTeX Font Info:    Redeclaring math symbol \Omega on input line 15.
LaTeX Font Info:    Redeclaring math symbol \mathdollar on input line 15.
LaTeX Font Info:    Redeclaring symbol font `operators' on input line 15.
LaTeX Font Info:    Encoding `OT1' has changed to `TU' for symbol font
(Font)              `operators' in the math version `normal' on input line 15.
LaTeX Font Info:    Overwriting symbol font `operators' in version `normal'
(Font)                  OT1/cmr/m/n --> TU/TimesNewRoman(0)/m/n on input line 1
5.
LaTeX Font Info:    Encoding `OT1' has changed to `TU' for symbol font
(Font)              `operators' in the math version `bold' on input line 15.
LaTeX Font Info:    Overwriting symbol font `operators' in version `bold'
(Font)                  OT1/cmr/bx/n --> TU/TimesNewRoman(0)/m/n on input line 
15.
LaTeX Font Info:    Overwriting symbol font `operators' in version `normal'
(Font)                  TU/TimesNewRoman(0)/m/n --> TU/TimesNewRoman(0)/m/n on 
input line 15.
LaTeX Font Info:    Overwriting math alphabet `\mathit' in version `normal'
(Font)                  OT1/cmr/m/it --> TU/TimesNewRoman(0)/m/it on input line
 15.
LaTeX Font Info:    Overwriting math alphabet `\mathbf' in version `normal'
(Font)                  OT1/cmr/bx/n --> TU/TimesNewRoman(0)/b/n on input line 
15.
LaTeX Font Info:    Overwriting math alphabet `\mathsf' in version `normal'
(Font)                  OT1/cmss/m/n --> TU/Arial(0)/m/n on input line 15.
LaTeX Font Info:    Overwriting math alphabet `\mathtt' in version `normal'
(Font)                  OT1/cmtt/m/n --> TU/CourierNew(0)/m/n on input line 15.

LaTeX Font Info:    Overwriting symbol font `operators' in version `bold'
(Font)                  TU/TimesNewRoman(0)/m/n --> TU/TimesNewRoman(0)/b/n on 
input line 15.
LaTeX Font Info:    Overwriting math alphabet `\mathit' in version `bold'
(Font)                  OT1/cmr/bx/it --> TU/TimesNewRoman(0)/b/it on input lin
e 15.
LaTeX Font Info:    Overwriting math alphabet `\mathsf' in version `bold'
(Font)                  OT1/cmss/bx/n --> TU/Arial(0)/b/n on input line 15.
LaTeX Font Info:    Overwriting math alphabet `\mathtt' in version `bold'
(Font)                  OT1/cmtt/m/n --> TU/CourierNew(0)/b/n on input line 15.


*geometry* driver: auto-detecting
*geometry* detected driver: xetex
*geometry* verbose mode - [ preamble ] result:
* driver: xetex
* paper: a4paper
* layout: <same size as paper>
* layoutoffset:(h,v)=(0.0pt,0.0pt)
* modes: 
* h-part:(L,W,R)=(99.58464pt, 441.01773pt, 56.9055pt)
* v-part:(T,H,B)=(71.13188pt, 702.78308pt, 71.13188pt)
* \paperwidth=597.50787pt
* \paperheight=845.04684pt
* \textwidth=441.01773pt
* \textheight=702.78308pt
* \oddsidemargin=27.31465pt
* \evensidemargin=27.31465pt
* \topmargin=-40.1381pt
* \headheight=14.0pt
* \headsep=25.0pt
* \topskip=10.0pt
* \footskip=30.0pt
* \marginparwidth=57.0pt
* \marginparsep=11.0pt
* \columnsep=10.0pt
* \skip\footins=9.0pt plus 4.0pt minus 2.0pt
* \hoffset=0.0pt
* \voffset=0.0pt
* \mag=1000
* \@twocolumnfalse
* \@twosidefalse
* \@mparswitchfalse
* \@reversemarginfalse
* (1in=72.27pt=25.4mm, 1cm=28.453pt)

Package caption Info: Begin \AtBeginDocument code.
Package caption Info: hyperref package is loaded.
Package caption Info: listings package is loaded.
Package caption Info: End \AtBeginDocument code.
\c@lstlisting=\count542
Package biblatex Info: Trying to load language 'american'...
Package biblatex Info: ... file 'american.lbx' found.
(D:\Apps\AppData\MikTex\tex/latex/biblatex/lbx\american.lbx
File: american.lbx 2025/07/10 v3.21 biblatex localization (PK/MW)
Package biblatex Info: Trying to load language 'english'...
Package biblatex Info: ... file 'english.lbx' found.

(D:\Apps\AppData\MikTex\tex/latex/biblatex/lbx\english.lbx
File: english.lbx 2025/07/10 v3.21 biblatex localization (PK/MW)
)
Package biblatex Info: Trying to load language 'english'...
Package biblatex Info: ... file 'english.lbx' found.

(D:\Apps\AppData\MikTex\tex/latex/biblatex/lbx\english.lbx
File: english.lbx 2025/07/10 v3.21 biblatex localization (PK/MW)
))
Package biblatex Info: Trying to load language 'vietnamese'...
Package biblatex Info: ... file 'vietnamese.lbx' not found.


Package biblatex Warning: Language 'vietnamese' not supported.
(biblatex)                Using dummy definitions on input line 15.

Package biblatex Info: XeTeX detected.
(biblatex)             Assuming input encoding 'utf8'.
Package biblatex Info: Automatic encoding selection.
(biblatex)             Assuming data encoding 'utf8'.
\openout4 = `main.bcf'.

Package biblatex Info: Trying to load bibliographic data...
Package biblatex Info: ... file 'main.bbl' found.
(main.bbl)
Package biblatex Info: Reference section=0 on input line 15.
Package biblatex Info: Reference segment=0 on input line 15.
Package hyperref Info: Link coloring ON on input line 15.
 (D:\Apps\AppData\MikTex\tex/latex/pdflscape\pdflscape.sty
Package: pdflscape 2022-10-27 v0.13 Display of landscape pages in PDF

(D:\Apps\AppData\MikTex\tex/latex/pdflscape\pdflscape-nometadata.sty
Package: pdflscape-nometadata 2022-10-28 v0.13 Display of landscape pages in PD
F (HO)

(D:\Apps\AppData\MikTex\tex/latex/graphics\lscape.sty
Package: lscape 2020/05/28 v3.02 Landscape Pages (DPC)
)
Package pdflscape Info: Auto-detected driver: dvipdfm (xetex) on input line 98.

)) (front/cover.tex
*geometry* verbose mode - [ newgeometry ] result:
* driver: xetex
* paper: a4paper
* layout: <same size as paper>
* layoutoffset:(h,v)=(0.0pt,0.0pt)
* modes: 
* h-part:(L,W,R)=(85.35826pt, 441.01773pt, 71.13188pt)
* v-part:(T,H,B)=(56.9055pt, 731.23584pt, 56.9055pt)
* \paperwidth=597.50787pt
* \paperheight=845.04684pt
* \textwidth=441.01773pt
* \textheight=731.23584pt
* \oddsidemargin=13.08827pt
* \evensidemargin=13.08827pt
* \topmargin=-54.36449pt
* \headheight=14.0pt
* \headsep=25.0pt
* \topskip=10.0pt
* \footskip=30.0pt
* \marginparwidth=57.0pt
* \marginparsep=11.0pt
* \columnsep=10.0pt
* \skip\footins=9.0pt plus 4.0pt minus 2.0pt
* \hoffset=0.0pt
* \voffset=0.0pt
* \mag=1000
* \@twocolumnfalse
* \@twosidefalse
* \@mparswitchfalse
* \@reversemarginfalse
* (1in=72.27pt=25.4mm, 1cm=28.453pt)

File: figures/logo_huce.jpg Graphic file (type bmp)
<figures/logo_huce.jpg>
LaTeX Font Info:    Trying to load font information for U+msa on input line 42.


(D:\Apps\AppData\MikTex\tex/latex/amsfonts\umsa.fd
File: umsa.fd 2013/01/14 v3.01 AMS symbols A
)
LaTeX Font Info:    Trying to load font information for U+msb on input line 42.


(D:\Apps\AppData\MikTex\tex/latex/amsfonts\umsb.fd
File: umsb.fd 2013/01/14 v3.01 AMS symbols B
)
(D:\Apps\AppData\MikTex\tex/generic/stringenc\se-ascii-print.def
File: se-ascii-print.def 2019/11/29 v1.12 stringenc: Printable ASCII characters

) [1


])
(front/abstract.tex) [1


] (main.toc [2] [3])
\tf@toc=\write5
\openout5 = `main.toc'.

 [4] (main.lof)
\tf@lof=\write6
\openout6 = `main.lof'.

 (main.lot)
\tf@lot=\write7
\openout7 = `main.lot'.

 [5]
(chapters/introduction.tex [1

]) (chapters/chapter1.tex [2]
Chương 1.

LaTeX Warning: Citation '' on page 3 undefined on input line 35.

[3

] [4]) (chapters/chapter2.tex [5]
Chương 2.
[6

] [7] [8] [9]) (chapters/chapter3.tex [10]
Chương 3.

Overfull \hbox (26.4075pt too wide) in paragraph at lines 106--107
 [][] 
 []


Underfull \hbox (badness 10000) in paragraph at lines 131--131
[]|\TU/CourierNew(0)/m/n/10 building_graph.json\TU/TimesNewRoman(0)/m/n/10 , \T
U/CourierNew(0)/m/n/10 node_map.csv\TU/TimesNewRoman(0)/m/n/10 ,
 []

[11

]
Overfull \hbox (8.02786pt too wide) in paragraph at lines 145--146
[]\TU/TimesNewRoman(0)/b/n/10 Parse IFC: \TU/TimesNewRoman(0)/m/n/10 Sử dụng th
ư viện \TU/CourierNew(0)/m/n/10 IfcOpenShell \TU/TimesNewRoman(0)/m/n/10 để trí
ch xuất các entity: \TU/CourierNew(0)/m/n/10 IfcSpace\TU/TimesNewRoman(0)/m/n/1
0 , \TU/CourierNew(0)/m/n/10 IfcDoor\TU/TimesNewRoman(0)/m/n/10 , \TU/CourierNe
w(0)/m/n/10 IfcWindow\TU/TimesNewRoman(0)/m/n/10 ,
 []


Overfull \hbox (4.22165pt too wide) in paragraph at lines 197--198
\TU/CourierNew(0)/m/n/10 fire_floor\TU/TimesNewRoman(0)/m/n/10 , \TU/CourierNew
(0)/m/n/10 HRR_config\TU/TimesNewRoman(0)/m/n/10 , \TU/CourierNew(0)/m/n/10 doo
r_state_config\TU/TimesNewRoman(0)/m/n/10 , \TU/CourierNew(0)/m/n/10 system_sta
te_config\TU/TimesNewRoman(0)/m/n/10 , \TU/CourierNew(0)/m/n/10 boundary_config
\TU/TimesNewRoman(0)/m/n/10 . 
 []

[12] [13] [14]
Overfull \hbox (48.27043pt too wide) in paragraph at lines 346--347
[]\TU/TimesNewRoman(0)/b/n/10 Decoders: \TU/TimesNewRoman(0)/m/n/10 Nhiều đầu r
a (multi-task): \TU/CourierNew(0)/m/n/10 smoke_label\TU/TimesNewRoman(0)/m/n/10
 , \TU/CourierNew(0)/m/n/10 hazard_label\TU/TimesNewRoman(0)/m/n/10 , \TU/Couri
erNew(0)/m/n/10 arrival_time\TU/TimesNewRoman(0)/m/n/10 , \TU/CourierNew(0)/m/n
/10 next_affected_node\TU/TimesNewRoman(0)/m/n/10 . 
 []

[15] [16]) (chapters/chapter4.tex [17]
Chương 4.
[18

]
Missing character: There is no , in font nullfont!
[19] [20]) (chapters/conclusion.tex [21

] [22

])

LaTeX Warning: Empty bibliography on input line 63.

(back/appendix.tex [23]
Phụ lục A.
[24

]
Phụ lục B.
[25

]
Phụ lục C.
) [26

] (main.aux)
 ***********
LaTeX2e <2025-11-01>
L3 programming layer <2025-12-24>
 ***********
Package logreq Info: Writing requests to 'main.run.xml'.
\openout1 = `main.run.xml'.

 ) 
Here is how much of TeX's memory you used:
 43697 strings out of 402987
 902891 string characters out of 5453079
 1859891 words of memory out of 5000000
 71767 multiletter control sequences out of 15000+600000
 630172 words of font info for 98 fonts, out of 8000000 for 9000
 1348 hyphenation exceptions out of 8191
 89i,12n,97p,1199b,4589s stack positions out of 10000i,1000n,20000p,200000b,200000s

Output written on main.pdf (32 pages).
